<?xml version="1.0" encoding="UTF-8"?>
<testsuite xmlns:xsi="http://www.w3.org/2001/XMLSchema-instance" xsi:noNamespaceSchemaLocation="https://maven.apache.org/surefire/maven-surefire-plugin/xsd/surefire-test-report.xsd" version="3.0.2" name="com.backend1.backend1.Backend1ApplicationTests" time="0.398" tests="17" errors="0" skipped="0" failures="0" flakes="0">
  <properties>
[...]
</properties>
  <testcase name="findAvailableRooms_noMatch_returnsEmpty" classname="com.backend1.backend1.service.SearchServiceTest" time="0.222"/>
  <testcase name="findAvailableRooms_noAvailableRooms_returnsEmpty" classname="com.backend1.backend1.service.SearchServiceTest" time="0.002"/>
  <testcase name="findAvailableRooms_allMatch_returnsAll" classname="com.backend1.backend1.service.SearchServiceTest" time="0.007"/>
  <testcase name="findAvailableRooms_filtersOnCapacity" classname="com.backend1.backend1.service.SearchServiceTest" time="0.002"/>
  <testcase name="save_roomAlreadyBooked_throwsConflictException" classname="com.backend1.backend1.service.BookingServiceTest" time="0.108"/>
  <testcase name="findById_notFound_throwsException" classname="com.backend1.backend1.service.BookingServiceTest" time="0.002"/>
  <testcase name="findById_found_returnsDTO" classname="com.backend1.backend1.service.BookingServiceTest" time="0.004"/>
  <testcase name="save_tooManyGuests_throwsValidationException" classname="com.backend1.backend1.service.BookingServiceTest" time="0.003"/>
  <testcase name="save_unknownRoom_throwsValidationException" classname="com.backend1.backend1.service.BookingServiceTest" time="0.001"/>
  <testcase name="delete_callsDeleteById" classname="com.backend1.backend1.service.BookingServiceTest" time="0.003"/>
  <testcase name="save_checkOutSameDay_throwsValidationException" classname="com.backend1.backend1.service.BookingServiceTest" time="0.002"/>
  <testcase name="count_returnsRepositoryCount" classname="com.backend1.backend1.service.BookingServiceTest" time="0.002"/>
  <testcase name="save_exactCapacity_succeeds" classname="com.backend1.backend1.service.BookingServiceTest" time="0.004"/>
  <testcase name="save_checkOutBeforeCheckIn_throwsValidationException" classname="com.backend1.backend1.service.BookingServiceTest" time="0.002"/>
  <testcase name="findAll_returnsMappedDTOs" classname="com.backend1.backend1.service.BookingServiceTest" time="0.002"/>
  <testcase name="save_unknownCustomer_throwsValidationException" classname="com.backend1.backend1.service.BookingServiceTest" time="0.001"/>
  <testcase name="save_updateExistingBooking_excludesSelf" classname="com.backend1.backend1.service.BookingServiceTest" time="0.001"/>
</testsuite>